2019-09-17 10:23:35 [INFO ] [] XPayClient initialize [/home/LMS/lib/LGU_XPay_Crossplatform_PHP/lgdacom] [test]
2019-09-17 10:24:09 [INFO ] [] XPayClient initialize [/home/LMS/lib/LGU_XPay_Crossplatform_PHP/lgdacom] [test]
2019-09-17 10:24:54 [INFO ] [] XPayClient initialize [/home/LMS/lib/LGU_XPay_Crossplatform_PHP/lgdacom] [test]
2019-09-17 10:24:54 [FATAL] [] Key for MID [tekt002] does not exist in mall.conf
2019-09-17 10:25:06 [INFO ] [] XPayClient initialize [/home/LMS/lib/LGU_XPay_Crossplatform_PHP/lgdacom] [test]
2019-09-17 10:25:06 [FATAL] [] Key for MID [tekt002] does not exist in mall.conf
2019-09-17 10:25:26 [INFO ] [] XPayClient initialize [/home/LMS/lib/LGU_XPay_Crossplatform_PHP/lgdacom] [test]
2019-09-17 10:25:26 [FATAL] [] Key for MID [tekt002] does not exist in mall.conf
2019-09-17 10:25:48 [INFO ] [] XPayClient initialize [/home/LMS/lib/LGU_XPay_Crossplatform_PHP/lgdacom] [test]
2019-09-17 10:25:48 [FATAL] [] Key for MID [tekt002] does not exist in mall.conf
2019-09-17 10:26:59 [INFO ] [] XPayClient initialize [/home/LMS/lib/LGU_XPay_Crossplatform_PHP/lgdacom] [test]
2019-09-17 10:26:59 [FATAL] [] Key for MID [tekt002] does not exist in mall.conf
2019-09-17 10:27:44 [INFO ] [] XPayClient initialize [/home/LMS/lib/LGU_XPay_Crossplatform_PHP/lgdacom] [test]
2019-09-17 10:27:44 [FATAL] [] Key for MID [tekt002] does not exist in mall.conf
2019-09-17 10:28:15 [INFO ] [] XPayClient initialize [/home/LMS/lib/LGU_XPay_Crossplatform_PHP/lgdacom] [test]
2019-09-17 10:28:15 [FATAL] [] Key for MID [tekt002] does not exist in mall.conf
2019-09-17 10:28:31 [INFO ] [] XPayClient initialize [/home/LMS/lib/LGU_XPay_Crossplatform_PHP/lgdacom] [test]
2019-09-17 10:28:31 [FATAL] [] Key for MID [tekt002] does not exist in mall.conf
2019-09-17 10:28:43 [INFO ] [] XPayClient initialize [/home/LMS/lib/LGU_XPay_Crossplatform_PHP/lgdacom] [test]
2019-09-17 10:28:43 [FATAL] [] Key for MID [tekt002] does not exist in mall.conf
2019-09-17 10:29:00 [INFO ] [] XPayClient initialize [/home/LMS/lib/LGU_XPay_Crossplatform_PHP/lgdacom] [test]
2019-09-17 10:29:00 [FATAL] [] Key for MID [tekt002] does not exist in mall.conf
2019-09-17 10:29:08 [INFO ] [] XPayClient initialize [/home/LMS/lib/LGU_XPay_Crossplatform_PHP/lgdacom] [test]
2019-09-17 10:29:08 [FATAL] [] Key for MID [tekt002] does not exist in mall.conf
2019-09-17 10:30:20 [INFO ] [] XPayClient initialize [/home/LMS/lib/LGU_XPay_Crossplatform_PHP/lgdacom] [test]
2019-09-17 10:30:20 [FATAL] [] Key for MID [tekt002] does not exist in mall.conf
2019-09-17 10:31:22 [INFO ] [] XPayClient initialize [/home/LMS/lib/LGU_XPay_Crossplatform_PHP/lgdacom] [test]
2019-09-17 10:31:22 [FATAL] [] Key for MID [tekt002] does not exist in mall.conf
2019-09-17 10:32:28 [INFO ] [] XPayClient initialize [/home/LMS/lib/LGU_XPay_Crossplatform_PHP/lgdacom] [test]
2019-09-17 10:32:28 [FATAL] [] Key for MID [tekt002] does not exist in mall.conf
2019-09-17 10:34:00 [INFO ] [] XPayClient initialize [/home/LMS/lib/LGU_XPay_Crossplatform_PHP/lgdacom] [test]
2019-09-17 10:34:00 [FATAL] [] Key for MID [tekt002] does not exist in mall.conf
2019-09-17 10:38:49 [INFO ] [] XPayClient initialize [/home/LMS/lib/LGU_XPay_Crossplatform_PHP/lgdacom] [test]
2019-09-17 10:38:49 [FATAL] [] Key for MID [tekt002] does not exist in mall.conf
2019-09-17 10:39:04 [INFO ] [] XPayClient initialize [/home/LMS/lib/LGU_XPay_Crossplatform_PHP/lgdacom] [test]
2019-09-17 10:39:04 [FATAL] [] Key for MID [tekt002] does not exist in mall.conf
2019-09-17 10:39:35 [INFO ] [] XPayClient initialize [/home/LMS/lib/LGU_XPay_Crossplatform_PHP/lgdacom] [test]
2019-09-17 10:39:35 [FATAL] [] Key for MID [tekt002] does not exist in mall.conf
2019-09-17 11:11:17 [INFO ] [] XPayClient initialize [/home/LMS/lib/LGU_XPay_Crossplatform_PHP/lgdacom] [test]
2019-09-17 11:11:17 [FATAL] [] Key for MID [tekt002] does not exist in mall.conf
2019-09-17 14:13:27 [INFO ] [] XPayClient initialize [/home/LMS/lib/LGU_XPay_Crossplatform_PHP/lgdacom] [test]
2019-09-17 14:13:27 [FATAL] [] Key for MID [tekt002] does not exist in mall.conf
2019-09-17 14:14:35 [INFO ] [] XPayClient initialize [/home/LMS/lib/LGU_XPay_Crossplatform_PHP/lgdacom] [test]
2019-09-17 14:14:35 [FATAL] [] Key for MID [tekt002] does not exist in mall.conf
2019-09-17 14:15:25 [INFO ] [] XPayClient initialize [/home/LMS/lib/LGU_XPay_Crossplatform_PHP/lgdacom] [test]
2019-09-17 14:15:25 [FATAL] [] Key for MID [tekt002] does not exist in mall.conf
2019-09-17 14:17:58 [INFO ] [] XPayClient initialize [/home/LMS/lib/LGU_XPay_Crossplatform_PHP/lgdacom] [test]
2019-09-17 14:17:58 [FATAL] [] Key for MID [tekt002] does not exist in mall.conf
2019-09-17 14:18:49 [INFO ] [] XPayClient initialize [/home/LMS/lib/LGU_XPay_Crossplatform_PHP/lgdacom] [test]
2019-09-17 14:18:49 [FATAL] [] Key for MID [tekt002] does not exist in mall.conf
2019-09-17 14:24:18 [INFO ] [] XPayClient initialize [/home/LMS/lib/LGU_XPay_Crossplatform_PHP/lgdacom] [test]
2019-09-17 14:24:18 [FATAL] [] Key for MID [tekt002] does not exist in mall.conf
2019-09-17 14:26:38 [INFO ] [] XPayClient initialize [/home/LMS/lib/LGU_XPay_Crossplatform_PHP/lgdacom] [test]
2019-09-17 14:26:38 [FATAL] [] Key for MID [tekt002] does not exist in mall.conf
2019-09-17 14:27:55 [INFO ] [] XPayClient initialize [/home/LMS/lib/LGU_XPay_Crossplatform_PHP/lgdacom] [test]
2019-09-17 14:27:55 [FATAL] [] Key for MID [tekt002] does not exist in mall.conf
2019-09-17 14:29:09 [INFO ] [] XPayClient initialize [/home/LMS/lib/LGU_XPay_Crossplatform_PHP/lgdacom] [service]
2019-09-17 14:29:09 [FATAL] [] Key for MID [ekt002] does not exist in mall.conf
2019-09-17 14:32:58 [INFO ] [] XPayClient initialize [/home/LMS/lib/LGU_XPay_Crossplatform_PHP/lgdacom] [test]
2019-09-17 14:32:58 [FATAL] [] Key for MID [tekt002] does not exist in mall.conf
2019-09-17 14:33:07 [INFO ] [] XPayClient initialize [/home/LMS/lib/LGU_XPay_Crossplatform_PHP/lgdacom] [test]
2019-09-17 14:33:07 [FATAL] [] Key for MID [tekt002] does not exist in mall.conf
2019-09-17 14:33:32 [INFO ] [] XPayClient initialize [/home/LMS/lib/LGU_XPay_Crossplatform_PHP/lgdacom] [test]
2019-09-17 14:33:32 [FATAL] [] Key for MID [tekt002] does not exist in mall.conf
2019-09-17 14:36:52 [INFO ] [] XPayClient initialize [/home/LMS/lib/LGU_XPay_Crossplatform_PHP/lgdacom] [test]
2019-09-17 14:38:29 [INFO ] [] XPayClient initialize [/home/LMS/lib/LGU_XPay_Crossplatform_PHP/lgdacom] [test]
2019-09-17 14:38:29 [FATAL] [] Key for MID [tekt002] does not exist in mall.conf
2019-09-17 14:39:55 [INFO ] [] XPayClient initialize [/home/LMS/lib/LGU_XPay_Crossplatform_PHP/lgdacom] [test]
2019-09-17 14:40:28 [INFO ] [] XPayClient initialize [/home/LMS/lib/LGU_XPay_Crossplatform_PHP/lgdacom] [test]
2019-09-17 14:40:44 [INFO ] [] XPayClient initialize [/home/LMS/lib/LGU_XPay_Crossplatform_PHP/lgdacom] [test]
2019-09-17 14:40:44 [FATAL] [] Key for MID [tekt002] does not exist in mall.conf
2019-09-17 14:41:34 [INFO ] [] XPayClient initialize [/home/LMS/lib/LGU_XPay_Crossplatform_PHP/lgdacom] [test]
2019-09-17 14:41:34 [FATAL] [] Key for MID [tekt002] does not exist in mall.conf
2019-09-17 14:41:48 [INFO ] [] XPayClient initialize [/home/LMS/lib/LGU_XPay_Crossplatform_PHP/lgdacom] [test]
2019-09-17 14:41:48 [FATAL] [] Key for MID [tekt002] does not exist in mall.conf
2019-09-17 14:42:16 [INFO ] [] XPayClient initialize [/home/LMS/lib/LGU_XPay_Crossplatform_PHP/lgdacom] [test]
2019-09-17 14:42:16 [FATAL] [] Key for MID [tekt002] does not exist in mall.conf
2019-09-17 14:42:21 [INFO ] [] XPayClient initialize [/home/LMS/lib/LGU_XPay_Crossplatform_PHP/lgdacom] [test]
2019-09-17 14:42:36 [INFO ] [] XPayClient initialize [/home/LMS/lib/LGU_XPay_Crossplatform_PHP/lgdacom] [test]
2019-09-17 14:42:36 [FATAL] [] Key for MID [ttlgdacomxpay] does not exist in mall.conf
2019-09-17 14:43:03 [INFO ] [] XPayClient initialize [/home/LMS/lib/LGU_XPay_Crossplatform_PHP/lgdacom] [test]
2019-09-17 14:44:32 [INFO ] [] XPayClient initialize [/home/LMS/lib/LGU_XPay_Crossplatform_PHP/lgdacom] [test]
2019-09-17 14:44:32 [FATAL] [] Key for MID [tekt002] does not exist in mall.conf
2019-09-17 14:47:35 [INFO ] [] XPayClient initialize [/home/LMS/lib/LGU_XPay_Crossplatform_PHP/lgdacom] [test]
2019-09-17 14:47:35 [FATAL] [] Key for MID [tekt002] does not exist in mall.conf
2019-09-17 14:50:46 [INFO ] [] XPayClient initialize [/home/LMS/lib/LGU_XPay_Crossplatform_PHP/lgdacom] [test]
2019-09-17 14:51:29 [INFO ] [] XPayClient initialize [/home/LMS/lib/LGU_XPay_Crossplatform_PHP/lgdacom] [test]
2019-09-17 14:51:29 [FATAL] [] Key for MID [tlgdacomxpay] does not exist in mall.conf
2019-09-17 14:51:40 [INFO ] [] XPayClient initialize [/home/LMS/lib/LGU_XPay_Crossplatform_PHP/lgdacom] [test]
2019-09-17 15:11:29 [INFO ] [] XPayClient initialize [/home/LMS/lib/LGU_XPay_Crossplatform_PHP/lgdacom] [test]
2019-09-17 15:12:21 [INFO ] [] XPayClient initialize [/home/LMS/lib/LGU_XPay_Crossplatform_PHP/lgdacom] [test]
2019-09-17 15:12:42 [INFO ] [] XPayClient initialize [/home/LMS/lib/LGU_XPay_Crossplatform_PHP/lgdacom] [test]
2019-09-17 15:13:40 [INFO ] [] XPayClient initialize [/home/LMS/lib/LGU_XPay_Crossplatform_PHP/lgdacom] [test]
2019-09-17 15:31:29 [INFO ] [] XPayClient initialize [/home/LMS/lib/LGU_XPay_Crossplatform_PHP/lgdacom] [test]
2019-09-17 23:56:54 [INFO ] [] XPayClient initialize [/home/LMS/lib/LGU_XPay_Crossplatform_PHP/lgdacom] [test]
2019-09-17 23:57:42 [INFO ] [] XPayClient initialize [/home/LMS/lib/LGU_XPay_Crossplatform_PHP/lgdacom] [test]
2019-09-17 23:58:18 [INFO ] [] XPayClient initialize [/home/LMS/lib/LGU_XPay_Crossplatform_PHP/lgdacom] [test]
2019-09-17 23:58:37 [INFO ] [] XPayClient initialize [/home/LMS/lib/LGU_XPay_Crossplatform_PHP/lgdacom] [test]
2019-09-17 23:59:10 [INFO ] [] XPayClient initialize [/home/LMS/lib/LGU_XPay_Crossplatform_PHP/lgdacom] [test]
2019-09-17 23:59:52 [INFO ] [] XPayClient initialize [/home/LMS/lib/LGU_XPay_Crossplatform_PHP/lgdacom] [test]
