2020-10-17 09:07:01 [INFO ] [] XPayClient initialize [/home/LMS/CB/lib/LGU_XPay_Crossplatform_PHP/lgdacom] [service]
2020-10-17 09:07:08 [INFO ] [] XPayClient initialize [/home/LMS/CB/lib/LGU_XPay_Crossplatform_PHP/lgdacom] [service]
2020-10-17 09:52:51 [INFO ] [] XPayClient initialize [/home/LMS/CB/lib/LGU_XPay_Crossplatform_PHP/lgdacom] [service]
2020-10-17 09:56:09 [INFO ] [] XPayClient initialize [/home/LMS/CB/lib/LGU_XPay_Crossplatform_PHP/lgdacom] [service]
2020-10-17 09:58:34 [INFO ] [] XPayClient initialize [/home/LMS/CB/lib/LGU_XPay_Crossplatform_PHP/lgdacom] [service]
2020-10-17 09:59:08 [INFO ] [] XPayClient initialize [/home/LMS/CB/lib/LGU_XPay_Crossplatform_PHP/lgdacom] [service]
2020-10-17 09:59:26 [INFO ] [] XPayClient initialize [/home/LMS/CB/lib/LGU_XPay_Crossplatform_PHP/lgdacom] [service]
2020-10-17 10:00:29 [INFO ] [] XPayClient initialize [/home/LMS/CB/lib/LGU_XPay_Crossplatform_PHP/lgdacom] [service]
2020-10-17 10:00:38 [INFO ] [] XPayClient initialize [/home/LMS/CB/lib/LGU_XPay_Crossplatform_PHP/lgdacom] [service]
2020-10-17 10:00:44 [INFO ] [] XPayClient initialize [/home/LMS/CB/lib/LGU_XPay_Crossplatform_PHP/lgdacom] [service]
2020-10-17 10:01:09 [INFO ] [] XPayClient initialize [/home/LMS/CB/lib/LGU_XPay_Crossplatform_PHP/lgdacom] [service]
2020-10-17 10:01:41 [INFO ] [] XPayClient initialize [/home/LMS/CB/lib/LGU_XPay_Crossplatform_PHP/lgdacom] [service]
2020-10-17 10:02:15 [INFO ] [] XPayClient initialize [/home/LMS/CB/lib/LGU_XPay_Crossplatform_PHP/lgdacom] [service]
2020-10-17 10:02:39 [INFO ] [] XPayClient initialize [/home/LMS/CB/lib/LGU_XPay_Crossplatform_PHP/lgdacom] [service]
2020-10-17 10:02:44 [INFO ] [] XPayClient initialize [/home/LMS/CB/lib/LGU_XPay_Crossplatform_PHP/lgdacom] [service]
2020-10-17 10:03:06 [INFO ] [] XPayClient initialize [/home/LMS/CB/lib/LGU_XPay_Crossplatform_PHP/lgdacom] [service]
2020-10-17 10:06:22 [INFO ] [] XPayClient initialize [/home/LMS/CB/lib/LGU_XPay_Crossplatform_PHP/lgdacom] [service]
2020-10-17 10:15:44 [INFO ] [] XPayClient initialize [/home/LMS/CB/lib/LGU_XPay_Crossplatform_PHP/lgdacom] [service]
2020-10-17 10:18:14 [INFO ] [] XPayClient initialize [/home/LMS/CB/lib/LGU_XPay_Crossplatform_PHP/lgdacom] [service]
2020-10-17 10:18:39 [INFO ] [] XPayClient initialize [/home/LMS/CB/lib/LGU_XPay_Crossplatform_PHP/lgdacom] [service]
2020-10-17 10:22:23 [INFO ] [] XPayClient initialize [/home/LMS/CB/lib/LGU_XPay_Crossplatform_PHP/lgdacom] [service]
2020-10-17 10:26:30 [INFO ] [] XPayClient initialize [/home/LMS/CB/lib/LGU_XPay_Crossplatform_PHP/lgdacom] [service]
2020-10-17 10:26:51 [INFO ] [] XPayClient initialize [/home/LMS/CB/lib/LGU_XPay_Crossplatform_PHP/lgdacom] [service]
2020-10-17 10:28:33 [INFO ] [] XPayClient initialize [/home/LMS/CB/lib/LGU_XPay_Crossplatform_PHP/lgdacom] [service]
2020-10-17 10:28:50 [INFO ] [] XPayClient initialize [/home/LMS/CB/lib/LGU_XPay_Crossplatform_PHP/lgdacom] [service]
2020-10-17 10:35:11 [INFO ] [] XPayClient initialize [/home/LMS/CB/lib/LGU_XPay_Crossplatform_PHP/lgdacom] [service]
2020-10-17 10:35:40 [INFO ] [] XPayClient initialize [/home/LMS/CB/lib/LGU_XPay_Crossplatform_PHP/lgdacom] [test]
2020-10-17 10:38:19 [INFO ] [] XPayClient initialize [/home/LMS/CB/lib/LGU_XPay_Crossplatform_PHP/lgdacom] [test]
2020-10-17 10:39:30 [INFO ] [] XPayClient initialize [/home/LMS/CB/lib/LGU_XPay_Crossplatform_PHP/lgdacom] [test]
2020-10-17 10:40:42 [INFO ] [] XPayClient initialize [/home/LMS/CB/lib/LGU_XPay_Crossplatform_PHP/lgdacom] [test]
2020-10-17 10:44:50 [INFO ] [] XPayClient initialize [/home/LMS/CB/lib/LGU_XPay_Crossplatform_PHP/lgdacom] [test]
2020-10-17 10:48:16 [INFO ] [] XPayClient initialize [/home/LMS/CB/lib/LGU_XPay_Crossplatform_PHP/lgdacom] [test]
2020-10-17 10:48:17 [INFO ] [tekt002-01202010171048162b25296df32e9e927a2b3e928d504743cb1ea2d4] Response Code=[0000], Msg=[결제성공], Count=1
2020-10-17 10:49:08 [INFO ] [] XPayClient initialize [/home/LMS/CB/lib/LGU_XPay_Crossplatform_PHP/lgdacom] [test]
2020-10-17 10:49:09 [INFO ] [tekt002-01202010171049080eea63c1fa0a6fb9b3566ba360d10ceb2dd324e4] Response Code=[S007], Msg=[요청하신 거래[주문번호:20201017104450308]는  2020/10/17 10:48:19 에 이미 신용카드로 결제로 시도한 거래입니다. 상점연락처[070-7545-7653]], Count=1
2020-10-17 10:49:17 [INFO ] [] XPayClient initialize [/home/LMS/CB/lib/LGU_XPay_Crossplatform_PHP/lgdacom] [test]
2020-10-17 10:49:33 [INFO ] [] XPayClient initialize [/home/LMS/CB/lib/LGU_XPay_Crossplatform_PHP/lgdacom] [test]
2020-10-17 10:49:34 [INFO ] [tekt002-012020101710493391fc90355aed255a5bd92e1374aaffa8bcb457f6] Response Code=[0000], Msg=[결제성공], Count=1
2020-10-17 10:49:34 [INFO ] [tekt002-012020101710493462b17c6734808e0f77a8538db134483857bb26de] Response Code=[0000], Msg=[롤백 요청 수신 성공], Count=1
2020-10-17 10:50:11 [INFO ] [] XPayClient initialize [/home/LMS/CB/lib/LGU_XPay_Crossplatform_PHP/lgdacom] [test]
2020-10-17 10:50:27 [INFO ] [] XPayClient initialize [/home/LMS/CB/lib/LGU_XPay_Crossplatform_PHP/lgdacom] [test]
2020-10-17 10:50:27 [INFO ] [tekt002-01202010171050274427cd482c6aa0260e9ceb22c55a1d57a66e4c84] Response Code=[0000], Msg=[결제성공], Count=1
2020-10-17 10:50:27 [INFO ] [tekt002-0120201017105027387573259c89377ca6f55c26df58c8168428c82a] Response Code=[0000], Msg=[롤백 요청 수신 성공], Count=1
2020-10-17 10:51:36 [INFO ] [] XPayClient initialize [/home/LMS/CB/lib/LGU_XPay_Crossplatform_PHP/lgdacom] [test]
2020-10-17 10:51:36 [INFO ] [tekt002-012020101710513675cf21b468079214b078642a2d3d6d8a32e4f465] Response Code=[S007], Msg=[요청하신 거래[주문번호:20201017105011239]는  2020/10/17 10:50:29 에 이미 신용카드로 결제로 시도한 거래입니다. 상점연락처[070-7545-7653]], Count=1
2020-10-17 10:51:54 [INFO ] [] XPayClient initialize [/home/LMS/CB/lib/LGU_XPay_Crossplatform_PHP/lgdacom] [test]
2020-10-17 10:52:09 [INFO ] [] XPayClient initialize [/home/LMS/CB/lib/LGU_XPay_Crossplatform_PHP/lgdacom] [test]
2020-10-17 10:52:09 [INFO ] [tekt002-01202010171052091abd82276e863f9dc19c3e33bb2443b25af91b46] Response Code=[0000], Msg=[결제성공], Count=1
2020-10-17 10:52:10 [INFO ] [tekt002-0120201017105209ab83ce38740a0533335dbb7758f76a1cd4a7ca60] Response Code=[0000], Msg=[롤백 요청 수신 성공], Count=1
2020-10-17 10:52:47 [INFO ] [] XPayClient initialize [/home/LMS/CB/lib/LGU_XPay_Crossplatform_PHP/lgdacom] [test]
2020-10-17 10:52:47 [INFO ] [tekt002-0120201017105247de0cf8442db72ddf04e22f0c8b75df464482f312] Response Code=[S007], Msg=[요청하신 거래[주문번호:20201017105154307]는  2020/10/17 10:52:11 에 이미 신용카드로 결제로 시도한 거래입니다. 상점연락처[070-7545-7653]], Count=1
2020-10-17 10:52:54 [INFO ] [] XPayClient initialize [/home/LMS/CB/lib/LGU_XPay_Crossplatform_PHP/lgdacom] [test]
2020-10-17 10:53:11 [INFO ] [] XPayClient initialize [/home/LMS/CB/lib/LGU_XPay_Crossplatform_PHP/lgdacom] [test]
2020-10-17 10:53:12 [INFO ] [tekt002-012020101710531161d0332c0f2ef31420e81e227dfc82d7997447a4] Response Code=[0000], Msg=[결제성공], Count=1
2020-10-17 10:53:12 [INFO ] [tekt002-012020101710531215d80860848b1806588e67cd6f1b763971f3ee23] Response Code=[0000], Msg=[롤백 요청 수신 성공], Count=1
2020-10-17 10:53:52 [INFO ] [] XPayClient initialize [/home/LMS/CB/lib/LGU_XPay_Crossplatform_PHP/lgdacom] [test]
2020-10-17 10:53:53 [INFO ] [tekt002-012020101710535222297e5d66cb44f28d656afd73ad7a13e14d854f] Response Code=[S007], Msg=[요청하신 거래[주문번호:20201017105254592]는  2020/10/17 10:53:13 에 이미 신용카드로 결제로 시도한 거래입니다. 상점연락처[070-7545-7653]], Count=1
2020-10-17 10:53:59 [INFO ] [] XPayClient initialize [/home/LMS/CB/lib/LGU_XPay_Crossplatform_PHP/lgdacom] [test]
2020-10-17 10:54:17 [INFO ] [] XPayClient initialize [/home/LMS/CB/lib/LGU_XPay_Crossplatform_PHP/lgdacom] [test]
2020-10-17 10:54:17 [INFO ] [tekt002-0120201017105417d31d530d4f3457380b4e7403f1acc3778eeadb53] Response Code=[0000], Msg=[결제성공], Count=1
2020-10-17 10:54:18 [INFO ] [tekt002-0120201017105417e741fb2fc717320092e817e71852154a5d3d71cb] Response Code=[0000], Msg=[롤백 요청 수신 성공], Count=1
2020-10-17 10:54:58 [INFO ] [] XPayClient initialize [/home/LMS/CB/lib/LGU_XPay_Crossplatform_PHP/lgdacom] [test]
2020-10-17 10:55:15 [INFO ] [] XPayClient initialize [/home/LMS/CB/lib/LGU_XPay_Crossplatform_PHP/lgdacom] [test]
2020-10-17 10:55:15 [INFO ] [tekt002-01202010171055150bdde25807d517718d0bc1e6dd304ea57da2a396] Response Code=[0000], Msg=[결제성공], Count=1
2020-10-17 10:56:05 [INFO ] [] XPayClient initialize [/home/LMS/CB/lib/LGU_XPay_Crossplatform_PHP/lgdacom] [test]
2020-10-17 10:56:21 [INFO ] [] XPayClient initialize [/home/LMS/CB/lib/LGU_XPay_Crossplatform_PHP/lgdacom] [test]
2020-10-17 10:56:21 [INFO ] [tekt002-01202010171056219ec572b7ea1db6734b452b432e3978a27587b045] Response Code=[0000], Msg=[결제성공], Count=1
2020-10-17 10:57:08 [INFO ] [] XPayClient initialize [/home/LMS/CB/lib/LGU_XPay_Crossplatform_PHP/lgdacom] [test]
2020-10-17 10:57:24 [INFO ] [] XPayClient initialize [/home/LMS/CB/lib/LGU_XPay_Crossplatform_PHP/lgdacom] [test]
2020-10-17 10:57:24 [INFO ] [tekt002-0120201017105724c8540339ecb52fb01ad6893ed9c9aff7babaf1d0] Response Code=[0000], Msg=[결제성공], Count=1
